  [4;36;1mSQL (0.7ms)[0m   [0;1m SELECT name
 FROM sqlite_master
 WHERE type = 'table' AND NOT name = 'sqlite_sequence'
[0m
  [4;36;1mSQL (0.7ms)[0m   [0;1m SELECT name
 FROM sqlite_master
 WHERE type = 'table' AND NOT name = 'sqlite_sequence'
[0m
  [4;35;1mSQL (0.2ms)[0m   [0m SELECT name
 FROM sqlite_master
 WHERE type = 'table' AND NOT name = 'sqlite_sequence'
[0m
  [4;36;1mSQL (0.2ms)[0m   [0;1mselect sqlite_version(*)[0m
  [4;35;1mSQL (1.8ms)[0m   [0mCREATE TABLE "schema_migrations" ("version" varchar(255) NOT NULL) [0m
  [4;36;1mSQL (0.0ms)[0m   [0;1mPRAGMA index_list("schema_migrations")[0m
  [4;35;1mSQL (1.3ms)[0m   [0mCREATE UNIQUE INDEX "unique_schema_migrations" ON "schema_migrations" ("version")[0m
  [4;36;1mSQL (0.2ms)[0m   [0;1m SELECT name
 FROM sqlite_master
 WHERE type = 'table' AND NOT name = 'sqlite_sequence'
[0m
  [4;35;1mSQL (0.1ms)[0m   [0mSELECT version FROM schema_migrations[0m
  [4;36;1mSQL (0.3ms)[0m   [0;1m SELECT name
 FROM sqlite_master
 WHERE type = 'table' AND NOT name = 'sqlite_sequence'
[0m
  [4;36;1mSQL (0.9ms)[0m   [0;1m SELECT name
 FROM sqlite_master
 WHERE type = 'table' AND NOT name = 'sqlite_sequence'
[0m
  [4;35;1mSQL (0.3ms)[0m   [0m SELECT name
 FROM sqlite_master
 WHERE type = 'table' AND NOT name = 'sqlite_sequence'
[0m
  [4;36;1mSQL (0.1ms)[0m   [0;1mSELECT version FROM schema_migrations[0m
Migrating to InitialSetupAndUserCreation (20110304143612)
  [4;35;1mSQL (0.1ms)[0m   [0mselect sqlite_version(*)[0m
  [4;36;1mSQL (0.8ms)[0m   [0;1mCREATE TABLE "users" ("id" INTEGER PRIMARY KEY AUTOINCREMENT NOT NULL, "crypted_password" varchar(40), "salt" varchar(40), "remember_token" varchar(255), "remember_token_expires_at" datetime, "name" varchar(255), "email_address" varchar(255), "administrator" boolean DEFAULT 'f', "created_at" datetime, "updated_at" datetime, "state" varchar(255) DEFAULT 'active', "key_timestamp" datetime) [0m
  [4;35;1mSQL (0.0ms)[0m   [0mPRAGMA index_list("users")[0m
  [4;36;1mSQL (0.2ms)[0m   [0;1mCREATE INDEX "index_users_on_state" ON "users" ("state")[0m
  [4;35;1mSQL (0.1ms)[0m   [0mINSERT INTO schema_migrations (version) VALUES ('20110304143612')[0m
  [4;36;1mSQL (0.3ms)[0m   [0;1m SELECT name
 FROM sqlite_master
 WHERE type = 'table' AND NOT name = 'sqlite_sequence'
[0m
  [4;35;1mSQL (0.1ms)[0m   [0mSELECT version FROM schema_migrations[0m
  [4;36;1mSQL (0.1ms)[0m   [0;1m SELECT name
 FROM sqlite_master
 WHERE type = 'table' AND NOT name = 'sqlite_sequence'
[0m
  [4;35;1mSQL (0.1ms)[0m   [0mPRAGMA index_list("users")[0m
  [4;36;1mSQL (0.1ms)[0m   [0;1mPRAGMA index_info('index_users_on_state')[0m
  [4;36;1mSQL (0.9ms)[0m   [0;1m SELECT name
 FROM sqlite_master
 WHERE type = 'table' AND NOT name = 'sqlite_sequence'
[0m
  [4;35;1mSQL (0.2ms)[0m   [0m SELECT name
 FROM sqlite_master
 WHERE type = 'table' AND NOT name = 'sqlite_sequence'
[0m


Processing FrontController#index (for 192.168.22.1 at 2011-03-04 14:36:39) [GET]
Rendering front/index
  DRYML: Compiled /Users/agapow/.rvm/gems/ruby-1.9.2-p180/gems/hobo-1.0.3/taglibs/core.dryml in 0.05s
  DRYML: Compiled /Users/agapow/.rvm/gems/ruby-1.9.2-p180/gems/hobo-1.0.3/taglibs/rapid_core.dryml in 0.13s
  DRYML: Compiled /Users/agapow/.rvm/gems/ruby-1.9.2-p180/gems/hobo-1.0.3/taglibs/rapid_support.dryml in 0.05s
  DRYML: Compiled /Users/agapow/.rvm/gems/ruby-1.9.2-p180/gems/hobo-1.0.3/taglibs/rapid_document_tags.dryml in 0.02s
  DRYML: Compiled /Users/agapow/.rvm/gems/ruby-1.9.2-p180/gems/hobo-1.0.3/taglibs/rapid_pages.dryml in 0.13s
  DRYML: Compiled /Users/agapow/.rvm/gems/ruby-1.9.2-p180/gems/hobo-1.0.3/taglibs/rapid_editing.dryml in 0.11s
  DRYML: Compiled /Users/agapow/.rvm/gems/ruby-1.9.2-p180/gems/hobo-1.0.3/taglibs/rapid_forms.dryml in 0.18s
  DRYML: Compiled /Users/agapow/.rvm/gems/ruby-1.9.2-p180/gems/hobo-1.0.3/taglibs/rapid_navigation.dryml in 0.08s
  DRYML: Compiled /Users/agapow/.rvm/gems/ruby-1.9.2-p180/gems/hobo-1.0.3/taglibs/rapid_plus.dryml in 0.11s
  DRYML: Compiled /Users/agapow/.rvm/gems/ruby-1.9.2-p180/gems/hobo-1.0.3/taglibs/rapid_generics.dryml in 0.02s
  DRYML: Compiled /Users/agapow/.rvm/gems/ruby-1.9.2-p180/gems/hobo-1.0.3/taglibs/rapid_lifecycles.dryml in 0.01s
  DRYML: Compiled /Users/agapow/.rvm/gems/ruby-1.9.2-p180/gems/hobo-1.0.3/taglibs/rapid_summary.dryml in 0.06s
  DRYML: Compiled /Users/agapow/.rvm/gems/ruby-1.9.2-p180/gems/hobo-1.0.3/taglibs/rapid_user_pages.dryml in 0.19s
  DRYML: Compiled /Users/agapow/.rvm/gems/ruby-1.9.2-p180/gems/hobo-1.0.3/taglibs/rapid.dryml in 1.12s
  DRYML: Compiled app/views/taglibs/auto/rapid/cards.dryml in 0.01s
  DRYML: Compiled app/views/taglibs/auto/rapid/pages.dryml in 0.12s
  DRYML: Compiled app/views/taglibs/auto/rapid/forms.dryml in 0.02s
  DRYML: Compiled app/views/taglibs/themes/clean/clean.dryml in 0.01s
  DRYML: Compiled app/views/taglibs/application.dryml in 1.29s
  DRYML: Compiled app/views/front/index.dryml in 1.40s
  [4;36;1mUser Load (0.5ms)[0m   [0;1mSELECT * FROM "users" LIMIT 30[0m
  [4;35;1mSQL (0.2ms)[0m   [0mSELECT count(*) AS count_all FROM "users" [0m
Completed in 1749ms (View: 1745, DB: 1) | 200 OK [http://0.0.0.0/]
  [4;36;1mSQL (0.5ms)[0m   [0;1m SELECT name
 FROM sqlite_master
 WHERE type = 'table' AND NOT name = 'sqlite_sequence'
[0m
  [4;35;1mSQL (0.1ms)[0m   [0m SELECT name
 FROM sqlite_master
 WHERE type = 'table' AND NOT name = 'sqlite_sequence'
[0m


Processing UsersController#do_signup (for 192.168.22.1 at 2011-03-04 14:37:09) [POST]
  Parameters: {"page_path"=>"front/index", "authenticity_token"=>"N1ShF3H+HP5Siv9av26ASz8LiONZTK+xtX+xSozga3o=", "user"=>{"name"=>"admin", "email_address"=>"pma@agapow.net", "password"=>"[FILTERED]", "password_confirmation"=>"[FILTERED]"}, "controller"=>"users", "action"=>"do_signup"}
  [4;36;1mUser Load (0.2ms)[0m   [0;1mSELECT "users".id FROM "users" WHERE ("users"."name" = 'admin') LIMIT 1[0m
  [4;35;1mUser Load (0.1ms)[0m   [0mSELECT "users".id FROM "users" WHERE (LOWER("users"."email_address") = 'pma@agapow.net') LIMIT 1[0m
Rendering front/index
  [4;36;1mUser Load (0.3ms)[0m   [0;1mSELECT * FROM "users" LIMIT 30[0m
  [4;35;1mSQL (29.4ms)[0m   [0mSELECT count(*) AS count_all FROM "users" [0m
Completed in 654ms (View: 309, DB: 31) | 200 OK [http://0.0.0.0/users/signup]
  [4;36;1mSQL (0.5ms)[0m   [0;1m SELECT name
 FROM sqlite_master
 WHERE type = 'table' AND NOT name = 'sqlite_sequence'
[0m
  [4;35;1mSQL (0.1ms)[0m   [0m SELECT name
 FROM sqlite_master
 WHERE type = 'table' AND NOT name = 'sqlite_sequence'
[0m


Processing UsersController#do_signup (for 192.168.22.1 at 2011-03-04 14:37:39) [POST]
  Parameters: {"page_path"=>"front/index", "authenticity_token"=>"N1ShF3H+HP5Siv9av26ASz8LiONZTK+xtX+xSozga3o=", "user"=>{"name"=>"admin", "email_address"=>"pma", "password"=>"[FILTERED]", "password_confirmation"=>"[FILTERED]"}, "controller"=>"users", "action"=>"do_signup"}
  [4;36;1mUser Load (0.2ms)[0m   [0;1mSELECT "users".id FROM "users" WHERE ("users"."name" = 'admin') LIMIT 1[0m
  [4;35;1mUser Load (0.1ms)[0m   [0mSELECT "users".id FROM "users" WHERE (LOWER("users"."email_address") = 'pma') LIMIT 1[0m
Rendering front/index
  [4;36;1mUser Load (0.3ms)[0m   [0;1mSELECT * FROM "users" LIMIT 30[0m
  [4;35;1mSQL (0.2ms)[0m   [0mSELECT count(*) AS count_all FROM "users" [0m
Completed in 355ms (View: 336, DB: 1) | 200 OK [http://0.0.0.0/users/signup]
  [4;36;1mSQL (0.5ms)[0m   [0;1m SELECT name
 FROM sqlite_master
 WHERE type = 'table' AND NOT name = 'sqlite_sequence'
[0m
  [4;35;1mSQL (0.1ms)[0m   [0m SELECT name
 FROM sqlite_master
 WHERE type = 'table' AND NOT name = 'sqlite_sequence'
[0m


Processing UsersController#do_signup (for 192.168.22.1 at 2011-03-04 14:37:59) [POST]
  Parameters: {"page_path"=>"front/index", "authenticity_token"=>"N1ShF3H+HP5Siv9av26ASz8LiONZTK+xtX+xSozga3o=", "user"=>{"name"=>"admin", "email_address"=>"pma@agapow.net", "password"=>"[FILTERED]", "password_confirmation"=>"[FILTERED]"}, "controller"=>"users", "action"=>"do_signup"}
  [4;36;1mUser Load (0.2ms)[0m   [0;1mSELECT "users".id FROM "users" WHERE ("users"."name" = 'admin') LIMIT 1[0m
  [4;35;1mUser Load (0.1ms)[0m   [0mSELECT "users".id FROM "users" WHERE (LOWER("users"."email_address") = 'pma@agapow.net') LIMIT 1[0m
  [4;36;1mSQL (18.1ms)[0m   [0;1mSELECT count(*) AS count_all FROM "users" [0m
  [4;35;1mUser Create (25.6ms)[0m   [0mINSERT INTO "users" ("crypted_password", "salt", "remember_token", "remember_token_expires_at", "name", "email_address", "administrator", "created_at", "updated_at", "state", "key_timestamp") VALUES('807a981a6d65f27a9ab355f25b441ecb72e8f6b2', '15487993c606da64e47d350b17dbec11d4102c2b', NULL, NULL, 'admin', 'pma@agapow.net', 't', '2011-03-04 14:37:59', '2011-03-04 14:37:59', 'active', NULL)[0m
Redirected to http://0.0.0.0:3000
Completed in 67ms (DB: 45) | 302 Found [http://0.0.0.0/users/signup]
  [4;36;1mSQL (0.5ms)[0m   [0;1m SELECT name
 FROM sqlite_master
 WHERE type = 'table' AND NOT name = 'sqlite_sequence'
[0m
  [4;35;1mSQL (0.1ms)[0m   [0m SELECT name
 FROM sqlite_master
 WHERE type = 'table' AND NOT name = 'sqlite_sequence'
[0m


Processing FrontController#index (for 192.168.22.1 at 2011-03-04 14:37:59) [GET]
  [4;36;1mUser Load (0.8ms)[0m   [0;1mSELECT * FROM "users" WHERE ("users"."id" = 1) [0m
Rendering front/index
  [4;35;1mUser Load (1.2ms)[0m   [0mSELECT * FROM "users" LIMIT 30[0m
  [4;36;1mSQL (0.3ms)[0m   [0;1mSELECT count(*) AS count_all FROM "users" [0m
Completed in 256ms (View: 250, DB: 3) | 200 OK [http://0.0.0.0/]
  [4;36;1mSQL (0.9ms)[0m   [0;1m SELECT name
 FROM sqlite_master
 WHERE type = 'table' AND NOT name = 'sqlite_sequence'
[0m
  [4;35;1mSQL (0.1ms)[0m   [0m SELECT name
 FROM sqlite_master
 WHERE type = 'table' AND NOT name = 'sqlite_sequence'
[0m
  [4;36;1mSQL (55.9ms)[0m   [0;1m SELECT name
 FROM sqlite_master
 WHERE type = 'table' AND NOT name = 'sqlite_sequence'
[0m
  [4;35;1mSQL (0.1ms)[0m   [0m SELECT name
 FROM sqlite_master
 WHERE type = 'table' AND NOT name = 'sqlite_sequence'
[0m
  [4;36;1mSQL (0.9ms)[0m   [0;1m SELECT name
 FROM sqlite_master
 WHERE type = 'table' AND NOT name = 'sqlite_sequence'
[0m
  [4;35;1mSQL (0.1ms)[0m   [0m SELECT name
 FROM sqlite_master
 WHERE type = 'table' AND NOT name = 'sqlite_sequence'
[0m
  [4;36;1mSQL (0.9ms)[0m   [0;1m SELECT name
 FROM sqlite_master
 WHERE type = 'table' AND NOT name = 'sqlite_sequence'
[0m
  [4;35;1mSQL (0.1ms)[0m   [0m SELECT name
 FROM sqlite_master
 WHERE type = 'table' AND NOT name = 'sqlite_sequence'
[0m
  [4;36;1mSQL (54.0ms)[0m   [0;1m SELECT name
 FROM sqlite_master
 WHERE type = 'table' AND NOT name = 'sqlite_sequence'
[0m
  [4;35;1mSQL (0.2ms)[0m   [0m SELECT name
 FROM sqlite_master
 WHERE type = 'table' AND NOT name = 'sqlite_sequence'
[0m
  [4;36;1mSQL (0.8ms)[0m   [0;1m SELECT name
 FROM sqlite_master
 WHERE type = 'table' AND NOT name = 'sqlite_sequence'
[0m
  [4;35;1mSQL (0.4ms)[0m   [0m SELECT name
 FROM sqlite_master
 WHERE type = 'table' AND NOT name = 'sqlite_sequence'
[0m
  [4;36;1mSQL (0.3ms)[0m   [0;1m SELECT name
 FROM sqlite_master
 WHERE type = 'table' AND NOT name = 'sqlite_sequence'
[0m
  [4;35;1mSQL (0.2ms)[0m   [0mSELECT version FROM schema_migrations[0m
  [4;36;1mSQL (0.3ms)[0m   [0;1m SELECT name
 FROM sqlite_master
 WHERE type = 'table' AND NOT name = 'sqlite_sequence'
[0m
  [4;35;1mSQL (0.1ms)[0m   [0mselect sqlite_version(*)[0m
  [4;36;1mSQL (0.1ms)[0m   [0;1mPRAGMA index_list("users")[0m
  [4;35;1mSQL (0.1ms)[0m   [0mPRAGMA index_info('index_users_on_state')[0m
  [4;36;1mSQL (1.0ms)[0m   [0;1m SELECT name
 FROM sqlite_master
 WHERE type = 'table' AND NOT name = 'sqlite_sequence'
[0m
  [4;35;1mSQL (0.3ms)[0m   [0m SELECT name
 FROM sqlite_master
 WHERE type = 'table' AND NOT name = 'sqlite_sequence'
[0m
  [4;36;1mSQL (0.3ms)[0m   [0;1m SELECT name
 FROM sqlite_master
 WHERE type = 'table' AND NOT name = 'sqlite_sequence'
[0m
  [4;35;1mSQL (0.1ms)[0m   [0mSELECT version FROM schema_migrations[0m
Migrating to InitialSetupAndUserCreation (20110304143612)
Migrating to AddedTrialseriesTrialsAndCountries (20110304145151)
  [4;36;1mSQL (0.2ms)[0m   [0;1mselect sqlite_version(*)[0m
  [4;35;1mSQL (20.6ms)[0m   [0mCREATE TABLE "labs" ("id" INTEGER PRIMARY KEY AUTOINCREMENT NOT NULL, "title" varchar(255), "short_name" varchar(255), "institute" varchar(255), "street_address" varchar(255), "locality" varchar(255), "region" varchar(255), "postal_code" varchar(255), "country_name" varchar(255), "created_at" datetime, "updated_at" datetime) [0m
  [4;36;1mSQL (0.2ms)[0m   [0;1mCREATE TABLE "trial_series" ("id" INTEGER PRIMARY KEY AUTOINCREMENT NOT NULL, "title" varchar(255), "created_at" datetime, "updated_at" datetime) [0m
  [4;35;1mSQL (0.2ms)[0m   [0mCREATE TABLE "trials" ("id" INTEGER PRIMARY KEY AUTOINCREMENT NOT NULL, "title" varchar(255), "closeDate" date, "created_at" datetime, "updated_at" datetime) [0m
  [4;36;1mSQL (0.1ms)[0m   [0;1mINSERT INTO schema_migrations (version) VALUES ('20110304145151')[0m
  [4;35;1mSQL (0.3ms)[0m   [0m SELECT name
 FROM sqlite_master
 WHERE type = 'table' AND NOT name = 'sqlite_sequence'
[0m
  [4;36;1mSQL (0.1ms)[0m   [0;1mSELECT version FROM schema_migrations[0m
  [4;35;1mSQL (0.2ms)[0m   [0m SELECT name
 FROM sqlite_master
 WHERE type = 'table' AND NOT name = 'sqlite_sequence'
[0m
  [4;36;1mSQL (0.1ms)[0m   [0;1mPRAGMA index_list("labs")[0m
  [4;35;1mSQL (0.0ms)[0m   [0mPRAGMA index_list("trial_series")[0m
  [4;36;1mSQL (0.1ms)[0m   [0;1mPRAGMA index_list("trials")[0m
  [4;35;1mSQL (0.1ms)[0m   [0mPRAGMA index_list("users")[0m
  [4;36;1mSQL (0.1ms)[0m   [0;1mPRAGMA index_info('index_users_on_state')[0m
